<?xml version="1.0" encoding="UTF-8"?>
<!-- Generated by org.testng.reporters.JUnitXMLReporter -->
<testsuite ignored="0" hostname="IND040101007" failures="0" tests="4" name="Surefire test" time="37.037" errors="0" timestamp="2023-12-29T13:04:02 IST">
  <testcase classname="com.crm.qa.test.LoginPageTest" name="login" time="4.252"/>
  <testcase classname="com.crm.qa.test.LoginPageTest" name="validateTitle" time="0.005"/>
  <testcase classname="com.crm.qa.test.HomePageTest" name="verifyHomePageTitleTest" time="0.008"/>
  <testcase classname="com.crm.qa.test.HomePageTest" name="verifyUsernameTest" time="1.661"/>
</testsuite> <!-- Surefire test -->
