<?xml version="1.0" encoding="UTF-8"?>
<testng-results ignored="0" total="4" passed="4" failed="0" skipped="0">
  <reporter-output>
  </reporter-output>
  <suite started-at="2023-12-29T13:03:25 IST" name="Surefire suite" finished-at="2023-12-29T13:04:02 IST" duration-ms="37037">
    <groups>
    </groups>
    <test started-at="2023-12-29T13:03:25 IST" name="Surefire test" finished-at="2023-12-29T13:04:02 IST" duration-ms="37037">
      <class name="com.crm.qa.test.HomePageTest">
        <test-method is-config="true" signature="setup()[pri:0, instance:com.crm.qa.test.HomePageTest@4a22f9e2]" started-at="2023-12-29T13:03:41 IST" name="setup" finished-at="2023-12-29T13:03:50 IST" duration-ms="9308" status="PASS">
          <reporter-output>
          </reporter-output>
        </test-method> <!-- setup -->
        <test-method signature="verifyHomePageTitleTest()[pri:1, instance:com.crm.qa.test.HomePageTest@4a22f9e2]" started-at="2023-12-29T13:03:50 IST" name="verifyHomePageTitleTest" finished-at="2023-12-29T13:03:50 IST" duration-ms="8" status="PASS">
          <reporter-output>
          </reporter-output>
        </test-method> <!-- verifyHomePageTitleTest -->
        <test-method is-config="true" signature="tearDown()[pri:0, instance:com.crm.qa.test.HomePageTest@4a22f9e2]" started-at="2023-12-29T13:03:50 IST" name="tearDown" finished-at="2023-12-29T13:03:51 IST" duration-ms="515" status="PASS">
          <reporter-output>
          </reporter-output>
        </test-method> <!-- tearDown -->
        <test-method is-config="true" signature="setup()[pri:0, instance:com.crm.qa.test.HomePageTest@4a22f9e2]" started-at="2023-12-29T13:03:51 IST" name="setup" finished-at="2023-12-29T13:04:00 IST" duration-ms="9231" status="PASS">
          <reporter-output>
          </reporter-output>
        </test-method> <!-- setup -->
        <test-method signature="verifyUsernameTest()[pri:2, instance:com.crm.qa.test.HomePageTest@4a22f9e2]" started-at="2023-12-29T13:04:00 IST" name="verifyUsernameTest" finished-at="2023-12-29T13:04:02 IST" duration-ms="1661" status="PASS">
          <reporter-output>
          </reporter-output>
        </test-method> <!-- verifyUsernameTest -->
        <test-method is-config="true" signature="tearDown()[pri:0, instance:com.crm.qa.test.HomePageTest@4a22f9e2]" started-at="2023-12-29T13:04:02 IST" name="tearDown" finished-at="2023-12-29T13:04:02 IST" duration-ms="527" status="PASS">
          <reporter-output>
          </reporter-output>
        </test-method> <!-- tearDown -->
      </class> <!-- com.crm.qa.test.HomePageTest -->
      <class name="com.crm.qa.test.LoginPageTest">
        <test-method is-config="true" signature="setup()[pri:0, instance:com.crm.qa.test.LoginPageTest@59d016c9]" started-at="2023-12-29T13:03:25 IST" name="setup" finished-at="2023-12-29T13:03:31 IST" duration-ms="5235" status="PASS">
          <reporter-output>
          </reporter-output>
        </test-method> <!-- setup -->
        <test-method signature="login()[pri:0, instance:com.crm.qa.test.LoginPageTest@59d016c9]" started-at="2023-12-29T13:03:31 IST" name="login" finished-at="2023-12-29T13:03:35 IST" duration-ms="4252" status="PASS">
          <reporter-output>
          </reporter-output>
        </test-method> <!-- login -->
        <test-method is-config="true" signature="tearDown()[pri:0, instance:com.crm.qa.test.LoginPageTest@59d016c9]" started-at="2023-12-29T13:03:35 IST" name="tearDown" finished-at="2023-12-29T13:03:35 IST" duration-ms="545" status="PASS">
          <reporter-output>
          </reporter-output>
        </test-method> <!-- tearDown -->
        <test-method is-config="true" signature="setup()[pri:0, instance:com.crm.qa.test.LoginPageTest@59d016c9]" started-at="2023-12-29T13:03:35 IST" name="setup" finished-at="2023-12-29T13:03:40 IST" duration-ms="5045" status="PASS">
          <reporter-output>
          </reporter-output>
        </test-method> <!-- setup -->
        <test-method signature="validateTitle()[pri:0, instance:com.crm.qa.test.LoginPageTest@59d016c9]" started-at="2023-12-29T13:03:40 IST" name="validateTitle" finished-at="2023-12-29T13:03:40 IST" duration-ms="5" status="PASS">
          <reporter-output>
          </reporter-output>
        </test-method> <!-- validateTitle -->
        <test-method is-config="true" signature="tearDown()[pri:0, instance:com.crm.qa.test.LoginPageTest@59d016c9]" started-at="2023-12-29T13:03:40 IST" name="tearDown" finished-at="2023-12-29T13:03:41 IST" duration-ms="683" status="PASS">
          <reporter-output>
          </reporter-output>
        </test-method> <!-- tearDown -->
      </class> <!-- com.crm.qa.test.LoginPageTest -->
    </test> <!-- Surefire test -->
  </suite> <!-- Surefire suite -->
</testng-results>
