<?xml version="1.0" encoding="UTF-8"?>
<testsuite xmlns:xsi="http://www.w3.org/2001/XMLSchema-instance" xsi:noNamespaceSchemaLocation="https://maven.apache.org/surefire/maven-surefire-plugin/xsd/surefire-test-report-3.0.xsd" version="3.0" name="TestSuite" time="37.265" tests="4" errors="0" skipped="0" failures="0">
  <properties>
[...]
</properties>
  <testcase name="login" classname="com.crm.qa.test.LoginPageTest" time="4.253">
    <system-err><![CDATA[ERROR StatusLogger Log4j2 could not find a logging implementation. Please add log4j-core to the classpath. Using SimpleLogger to log to the console...
]]></system-err>
  </testcase>
  <testcase name="validateTitle" classname="com.crm.qa.test.LoginPageTest" time="0.005"/>
  <testcase name="verifyHomePageTitleTest" classname="com.crm.qa.test.HomePageTest" time="0.009">
    <system-out><![CDATA[Cogmento CRM
]]></system-out>
  </testcase>
  <testcase name="verifyUsernameTest" classname="com.crm.qa.test.HomePageTest" time="1.66"/>
</testsuite>